<?xml version="1.0" encoding="UTF-8"?>
<testsuite xmlns:xsi="http://www.w3.org/2001/XMLSchema-instance" xsi:noNamespaceSchemaLocation="https://maven.apache.org/surefire/maven-surefire-plugin/xsd/surefire-test-report.xsd" name="org.icube.tests.UserTest" time="1.188" tests="3" errors="0" skipped="0" failures="0">
  <properties>
[...]
</properties>
  <testcase name="testAddUser" classname="org.icube.tests.UserTest" time="0.024"/>
  <testcase name="contextLoads" classname="org.icube.tests.UserTest" time="0.003"/>
  <testcase name="testRepositoryNotNull" classname="org.icube.tests.UserTest" time="0.003"/>
</testsuite>